oct. 27, 2016 11:12:27 PM ca.ulaval.glo4003.ws.infrastructure.paymentSystem.transactionLogger.TransactionLoggerInFile log
INFOS: roxou_234@hotmail.com
Source : QC		 Destination : Iles		 Date : 2017-01-01		 Company : Pascan		 Number of Tickets : 12		 Price : 29,99$		 Total Price : 359,88$
Total price : 359,88$

oct. 27, 2016 11:23:32 PM ca.ulaval.glo4003.ws.infrastructure.paymentSystem.transactionLogger.TransactionLoggerInFile log
INFOS: roxou_234@hotmail.com
Source : QC		 Destination : Iles		 Date : 2017-01-01		 Company : Pascan		 Number of Tickets : 4		 Price : 29,99$		 Total Price : 119,96$
Total price : 119,96$

oct. 27, 2016 11:23:33 PM ca.ulaval.glo4003.ws.infrastructure.paymentSystem.transactionLogger.TransactionLoggerInFile log
INFOS: roxou_234@hotmail.com
Source : QC		 Destination : Iles		 Date : 2017-01-01		 Company : Pascan		 Number of Tickets : 4		 Price : 29,99$		 Total Price : 119,96$
Total price : 119,96$

oct. 27, 2016 11:25:02 PM ca.ulaval.glo4003.ws.infrastructure.paymentSystem.transactionLogger.TransactionLoggerInFile log
INFOS: roxou_234@hotmail.com
Source : QC		 Destination : Cuba		 Date : 2017-10-01		 Company : AirCanada		 Number of Tickets : 3		 Price : 199,99$		 Total Price : 599,97$
Total price : 599,97$

oct. 27, 2016 11:32:37 PM ca.ulaval.glo4003.ws.infrastructure.paymentSystem.transactionLogger.TransactionLoggerInFile log
INFOS: roxou_234@hotmail.com
Source : QC		 Destination : Iles		 Date : 2017-01-01		 Company : Pascan		 Number of Tickets : 6		 Price : 29,99$		 Total Price : 179,94$
Total price : 179,94$

oct. 27, 2016 11:39:58 PM ca.ulaval.glo4003.ws.infrastructure.paymentSystem.transactionLogger.TransactionLoggerInFile log
INFOS: roxou_234@hotmail.com
Source : QC		 Destination : Iles		 Date : 2017-01-01		 Company : Pascan		 Number of Tickets : 15		 Price : 29,99$		 Total Price : 449,85$
Total price : 449,85$

oct. 27, 2016 11:50:31 PM ca.ulaval.glo4003.ws.infrastructure.paymentSystem.transactionLogger.TransactionLoggerInFile log
INFOS: roxou_234@hotmail.com
Source : QC		 Destination : Iles		 Date : 2017-01-01		 Company : Pascan		 Number of Tickets : 2		 Price : 29,99$		 Total Price : 59,98$
Total price : 59,98$

oct. 28, 2016 12:39:31 AM ca.ulaval.glo4003.ws.infrastructure.paymentSystem.transactionLogger.TransactionLoggerInFile log
INFOS: roxou_234@hotmail.com
Source : QC		 Destination : Iles		 Date : 2017-01-01		 Company : Pascan		 Number of Tickets : 3		 Price : 29,99$		 Total Price : 89,97$
Total price : 89,97$

oct. 28, 2016 12:41:39 AM ca.ulaval.glo4003.ws.infrastructure.paymentSystem.transactionLogger.TransactionLoggerInFile log
INFOS: roxou_234@hotmail.com
Source : QC		 Destination : Iles		 Date : 2017-01-01		 Company : Pascan		 Number of Tickets : 1		 Price : 29,99$		 Total Price : 29,99$
Total price : 29,99$

oct. 28, 2016 12:43:13 AM ca.ulaval.glo4003.ws.infrastructure.paymentSystem.transactionLogger.TransactionLoggerInFile log
INFOS: roxou_234@hotmail.com
Source : QC		 Destination : Iles		 Date : 2017-01-01		 Company : Pascan		 Number of Tickets : 2		 Price : 29,99$		 Total Price : 29,99$
Total price : 29,99$

oct. 28, 2016 1:29:08 AM ca.ulaval.glo4003.ws.infrastructure.paymentSystem.transactionLogger.TransactionLoggerInFile log
INFOS: roxou_234@hotmail.com
Source : QC		 Destination : Iles		 Date : 2017-01-01		 Company : Pascan		 Number of Tickets : 4		 Price : 29,99$		 Total Price : 119,96$
Total price : 119,96$

oct. 28, 2016 1:30:48 AM ca.ulaval.glo4003.ws.infrastructure.paymentSystem.transactionLogger.TransactionLoggerInFile log
INFOS: roxou_234@hotmail.com
Source : QC		 Destination : Iles		 Date : 2017-01-01		 Company : Pascan		 Number of Tickets : 3		 Price : 29,99$		 Total Price : 89,97$
Total price : 89,97$

oct. 28, 2016 1:34:25 AM ca.ulaval.glo4003.ws.infrastructure.paymentSystem.transactionLogger.TransactionLoggerInFile log
INFOS: roxou_234@hotmail.com
Source : QC		 Destination : Iles		 Date : 2017-01-01		 Company : Pascan		 Number of Tickets : 6		 Price : 29,99$		 Total Price : 149,95$
Total price : 149,95$

oct. 28, 2016 2:01:38 AM ca.ulaval.glo4003.ws.infrastructure.paymentSystem.transactionLogger.TransactionLoggerInFile log
INFOS: roxou_234@hotmail.com
Source : QC		 Destination : Iles		 Date : 2017-01-01		 Company : Pascan		 Number of Tickets : 2		 Price : 29,99$		 Total Price : 59,98$
Total price : 59,98$

oct. 28, 2016 2:07:36 AM ca.ulaval.glo4003.ws.infrastructure.paymentSystem.transactionLogger.TransactionLoggerInFile log
INFOS: roxou_234@hotmail.com
Source : QC		 Destination : Iles		 Date : 2017-01-01		 Company : Pascan		 Number of Tickets : 2		 Price : 29,99$		 Total Price : 59,98$
Total price : 59,98$

oct. 28, 2016 5:54:16 AM ca.ulaval.glo4003.ws.infrastructure.paymentSystem.transactionLogger.TransactionLoggerInFile log
INFOS: roxou_234@hotmail.com
Source : QC		 Destination : Iles		 Date : 2017-01-01		 Company : Pascan		 Number of Tickets : 3		 Price : 29,99$		 Total Price : 89,97$
Total price : 89,97$

oct. 28, 2016 5:56:05 AM ca.ulaval.glo4003.ws.infrastructure.paymentSystem.transactionLogger.TransactionLoggerInFile log
INFOS: roxou_234@hotmail.com
Source : QC		 Destination : Iles		 Date : 2017-01-01		 Company : Pascan		 Number of Tickets : 2		 Price : 29,99$		 Total Price : 59,98$
Source : QC		 Destination : Iles		 Date : 2017-09-20		 Company : Pascan		 Number of Tickets : 1		 Price : 19,99$		 Total Price : 19,99$
Source : QC		 Destination : Iles		 Date : 2017-09-25		 Company : AirCanada		 Number of Tickets : 2		 Price : 39,99$		 Total Price : 79,98$
Total price : 159,95$

oct. 28, 2016 5:58:11 AM ca.ulaval.glo4003.ws.infrastructure.paymentSystem.transactionLogger.TransactionLoggerInFile log
INFOS: roxou_234@hotmail.com
Source : QC		 Destination : Iles		 Date : 2017-01-01		 Company : Pascan		 Number of Tickets : 5		 Price : 29,99$		 Total Price : 149,95$
Total price : 149,95$

oct. 28, 2016 6:00:41 AM ca.ulaval.glo4003.ws.infrastructure.paymentSystem.transactionLogger.TransactionLoggerInFile log
INFOS: roxou_234@hotmail.com
Source : QC		 Destination : Iles		 Date : 2017-01-01		 Company : Pascan		 Number of Tickets : 3		 Price : 29,99$		 Total Price : 89,97$
Total price : 89,97$

oct. 28, 2016 6:02:06 AM ca.ulaval.glo4003.ws.infrastructure.paymentSystem.transactionLogger.TransactionLoggerInFile log
INFOS: roxou_234@hotmail.com
Source : QC		 Destination : Iles		 Date : 2017-01-01		 Company : Pascan		 Number of Tickets : 3		 Price : 29,99$		 Total Price : 89,97$
Total price : 89,97$

oct. 28, 2016 6:02:52 AM ca.ulaval.glo4003.ws.infrastructure.paymentSystem.transactionLogger.TransactionLoggerInFile log
INFOS: roxou_234@hotmail.com
Source : QC		 Destination : Iles		 Date : 2017-01-01		 Company : Pascan		 Number of Tickets : 4		 Price : 29,99$		 Total Price : 119,96$
Total price : 119,96$

oct. 28, 2016 6:04:39 AM ca.ulaval.glo4003.ws.infrastructure.paymentSystem.transactionLogger.TransactionLoggerInFile log
INFOS: roxou_234@hotmail.com
Source : QC		 Destination : Iles		 Date : 2017-01-01		 Company : Pascan		 Number of Tickets : 4		 Price : 29,99$		 Total Price : 119,96$
Total price : 119,96$

oct. 28, 2016 6:05:25 AM ca.ulaval.glo4003.ws.infrastructure.paymentSystem.transactionLogger.TransactionLoggerInFile log
INFOS: roxou_234@hotmail.com
Source : QC		 Destination : Iles		 Date : 2017-01-01		 Company : Pascan		 Number of Tickets : 3		 Price : 29,99$		 Total Price : 89,97$
Total price : 89,97$

oct. 28, 2016 6:07:11 AM ca.ulaval.glo4003.ws.infrastructure.paymentSystem.transactionLogger.TransactionLoggerInFile log
INFOS: roxou_234@hotmail.com
Source : QC		 Destination : Iles		 Date : 2017-01-01		 Company : Pascan		 Number of Tickets : 6		 Price : 29,99$		 Total Price : 179,94$
Source : QC		 Destination : Iles		 Date : 2017-09-20		 Company : Pascan		 Number of Tickets : 1		 Price : 19,99$		 Total Price : 19,99$
Source : QC		 Destination : Iles		 Date : 2017-09-25		 Company : AirCanada		 Number of Tickets : 1		 Price : 39,99$		 Total Price : 39,99$
Source : Iles		 Destination : QC		 Date : 2018-01-15		 Company : AirIles		 Number of Tickets : 23		 Price : 29,99$		 Total Price : 689,77$
Source : Iles		 Destination : QC		 Date : 2017-01-15		 Company : AirIles		 Number of Tickets : 12		 Price : 24,49$		 Total Price : 293,88$
Total price : 1223,57$

oct. 28, 2016 6:09:35 AM ca.ulaval.glo4003.ws.infrastructure.paymentSystem.transactionLogger.TransactionLoggerInFile log
INFOS: roxou_234@hotmail.com
Source : QC		 Destination : Iles		 Date : 2017-01-01		 Company : Pascan		 Number of Tickets : 4		 Price : 29,99$		 Total Price : 119,96$
Total price : 119,96$

oct. 28, 2016 6:13:08 AM ca.ulaval.glo4003.ws.infrastructure.paymentSystem.transactionLogger.TransactionLoggerInFile log
INFOS: roxou_234@hotmail.com
Source : QC		 Destination : Iles		 Date : 2017-01-01		 Company : Pascan		 Number of Tickets : 2		 Price : 29,99$		 Total Price : 59,98$
Total price : 59,98$



oct. 28, 2016 6:15:33 AM ca.ulaval.glo4003.ws.infrastructure.paymentSystem.transactionLogger.TransactionLoggerInFile log
INFOS: roxou_234@hotmail.com
Source : QC		 Destination : Iles		 Date : 2017-01-01		 Company : Pascan		 Number of Tickets : 38		 Price : 29,99$		 Total Price : 1139,62$
Total price : 1139,62$



oct. 28, 2016 6:16:40 AM ca.ulaval.glo4003.ws.infrastructure.paymentSystem.transactionLogger.TransactionLoggerInFile log
INFOS: roxou_234@hotmail.com
Source : QC		 Destination : Iles		 Date : 2017-01-01		 Company : Pascan		 Number of Tickets : 4		 Price : 29,99$		 Total Price : 119,96$ 


Total price : 119,96$



oct. 28, 2016 6:18:18 AM ca.ulaval.glo4003.ws.infrastructure.paymentSystem.transactionLogger.TransactionLoggerInFile log
INFOS: roxou_234@hotmail.com
Source : QC		 Destination : Iles		 Date : 2017-01-01		 Company : Pascan		 Number of Tickets : 3		 Price : 29,99$		 Total Price : 89,97$
Total price : 89,97$



oct. 28, 2016 6:19:40 AM ca.ulaval.glo4003.ws.infrastructure.paymentSystem.transactionLogger.TransactionLoggerInFile log
INFOS: roxou_234@hotmail.com
Source : QC		 Destination : Iles		 Date : 2017-01-01		 Company : Pascan		 Number of Tickets : 1		 Price : 29,99$		 Total Price : 29,99$
Total price : 29,99$



oct. 28, 2016 6:21:29 AM ca.ulaval.glo4003.ws.infrastructure.paymentSystem.transactionLogger.TransactionLoggerInFile log
INFOS: roxou_234@hotmail.com
Source : QC		 Destination : Iles		 Date : 2017-01-01		 Company : Pascan		 Number of Tickets : 7		 Price : 29,99$		 Total Price : 209,93$
Source : QC		 Destination : Iles		 Date : 2017-09-25		 Company : AirCanada		 Number of Tickets : 6		 Price : 39,99$		 Total Price : 239,94$
Total price : 449,87$



oct. 28, 2016 6:22:27 AM ca.ulaval.glo4003.ws.infrastructure.paymentSystem.transactionLogger.TransactionLoggerInFile log
INFOS: roxou_234@hotmail.com
Source : QC		 Destination : Iles		 Date : 2017-01-01		 Company : Pascan		 Number of Tickets : 4		 Price : 29,99$		 Total Price : 119,96$
Total price : 119,96$



oct. 28, 2016 6:23:20 AM ca.ulaval.glo4003.ws.infrastructure.paymentSystem.transactionLogger.TransactionLoggerInFile log
INFOS: roxou_234@hotmail.com
Source : QC		 Destination : Iles		 Date : 2017-01-01		 Company : Pascan		 Number of Tickets : 4		 Price : 29,99$		 Total Price : 119,96$
Total price : 119,96$



oct. 28, 2016 6:24:52 AM ca.ulaval.glo4003.ws.infrastructure.paymentSystem.transactionLogger.TransactionLoggerInFile log
INFOS: roxou_234@hotmail.com
Source : QC		 Destination : Iles		 Date : 2017-01-01		 Company : Pascan		 Number of Tickets : 3		 Price : 29,99$		 Total Price : 89,97$
Total price : 89,97$



oct. 28, 2016 6:25:44 AM ca.ulaval.glo4003.ws.infrastructure.paymentSystem.transactionLogger.TransactionLoggerInFile log
INFOS: roxou_234@hotmail.com
Source : QC		 Destination : Iles		 Date : 2017-01-01		 Company : Pascan		 Number of Tickets : 4		 Price : 29,99$		 Total Price : 119,96$
Total price : 119,96$



oct. 28, 2016 6:26:38 AM ca.ulaval.glo4003.ws.infrastructure.paymentSystem.transactionLogger.TransactionLoggerInFile log
INFOS: roxou_234@hotmail.com
Source : QC		 Destination : Iles		 Date : 2017-01-01		 Company : Pascan		 Number of Tickets : 4		 Price : 29,99$		 Total Price : 119,96$
Total price : 119,96$



oct. 28, 2016 6:29:01 AM ca.ulaval.glo4003.ws.infrastructure.paymentSystem.transactionLogger.TransactionLoggerInFile log
INFOS: Confirmation buy for : roxou_234@hotmail.com

 
Source : QC		 Destination : Iles		 Date : 2017-01-01		 Company : Pascan		 Number of Tickets : 4		 Price : 29,99$		 Total Price : 119,96$
Total price : 119,96$



oct. 28, 2016 6:30:44 AM ca.ulaval.glo4003.ws.infrastructure.paymentSystem.transactionLogger.TransactionLoggerInFile log
INFOS: Confirmation buy for : roxanne@hotmail.com

 
Source : QC		 Destination : Iles		 Date : 2017-01-01		 Company : Pascan		 Number of Tickets : 36		 Price : 0$		 Total Price : 0$
Total price : 0$



oct. 28, 2016 6:31:20 AM ca.ulaval.glo4003.ws.infrastructure.paymentSystem.transactionLogger.TransactionLoggerInFile log
INFOS: Confirmation buy for : roxanne@hotmail.com

 
Source : QC		 Destination : Iles		 Date : 2017-09-25		 Company : AirCanada		 Number of Tickets : 6		 Price : 39,99$		 Total Price : 239,94$
Source : QC		 Destination : Iles		 Date : 2017-09-20		 Company : Pascan		 Number of Tickets : 16		 Price : 19,99$		 Total Price : 319,84$
Total price : 559,78$



oct. 28, 2016 6:31:50 AM ca.ulaval.glo4003.ws.infrastructure.paymentSystem.transactionLogger.TransactionLoggerInFile log
INFOS: Confirmation buy for : roxanne@hotmail.com

 
Source : Iles		 Destination : QC		 Date : 2018-01-15		 Company : AirIles		 Number of Tickets : 23		 Price : 0$		 Total Price : 0$
Total price : 0$



oct. 28, 2016 6:33:32 AM ca.ulaval.glo4003.ws.infrastructure.paymentSystem.transactionLogger.TransactionLoggerInFile log
INFOS: Confirmation buy for : roxou_234@hotmail.com

 
Source : Iles		 Destination : QC		 Date : 2017-01-15		 Company : AirIles		 Number of Tickets : 12		 Price : 0$		 Total Price : 0$
Total price : 0$



oct. 28, 2016 6:35:32 AM ca.ulaval.glo4003.ws.infrastructure.paymentSystem.transactionLogger.TransactionLoggerInFile log
INFOS: Confirmation buy for : roxou_234@hotmail.com

 
Source : QC		 Destination : Japon		 Date : 2016-12-25		 Company : AirCanada		 Number of Tickets : 8		 Price : 0$		 Total Price : 0$
Total price : 0$



oct. 28, 2016 6:38:33 AM ca.ulaval.glo4003.ws.infrastructure.paymentSystem.transactionLogger.TransactionLoggerInFile log
INFOS: Confirmation buy for : roxou_234@hotmail.com

 
Source : QC		 Destination : Iles		 Date : 2017-01-01		 Company : Pascan		 Number of Tickets : 6		 Price : 29,99$		 Total Price : 179,94$
Source : QC		 Destination : Cuba		 Date : 2017-10-01		 Company : AirCanada		 Number of Tickets : 14		 Price : 199,99$		 Total Price : 2799,86$
Total price : 2979,8$



oct. 28, 2016 6:39:44 AM ca.ulaval.glo4003.ws.infrastructure.paymentSystem.transactionLogger.TransactionLoggerInFile log
INFOS: Confirmation buy for : roxou_234@hotmail.com

 
Source : QC		 Destination : Iles		 Date : 2017-01-01		 Company : Pascan		 Number of Tickets : 34		 Price : 29,99$		 Total Price : 1019,66$
Source : QC		 Destination : Iles		 Date : 2017-09-20		 Company : Pascan		 Number of Tickets : 16		 Price : 19,99$		 Total Price : 319,84$
Total price : 1339,5$



oct. 28, 2016 6:40:35 AM ca.ulaval.glo4003.ws.infrastructure.paymentSystem.transactionLogger.TransactionLoggerInFile log
INFOS: Confirmation buy for : roxou_234@hotmail.com

 
Source : QC		 Destination : Iles		 Date : 2017-09-25		 Company : AirCanada		 Number of Tickets : 6		 Price : 0$		 Total Price : 0$
Total price : 0$



nov. 19, 2016 3:18:43 AM ca.ulaval.glo4003.quickflyws.infrastructure.paymentSystem.transactionLogger.TransactionLoggerInFile log
INFOS: Confirmation buy for : roxou_234@hotmail.com

Amount of tickets : 13	Source : QC	Destination : Japon	Date : 2016-12-25	Company : AirCanada	Luggage Weight : 0.0	Price : 347.49$

Amount of tickets : 4	Source : QC	Destination : Japon	Date : 2016-12-20	Company : AirJapan	Luggage Weight : 0.0	Price : 317.49$

Total price : 5787,33$



nov. 20, 2016 6:08:42 PM ca.ulaval.glo4003.quickflyws.infrastructure.paymentSystem.transactionLogger.TransactionLoggerInFile log
INFOS: Confirmation buy for : roxou_234@hotmail.com

Amount of tickets : 2	Source : QC	Destination : Cuba	Date : 2017-10-01	Company : AirCanada	Luggage Weight : 66.0	Price : 39.989999999999995$

Total price : 79,98$



nov. 20, 2016 7:34:15 PM ca.ulaval.glo4003.quickflyws.infrastructure.paymentSystem.transactionLogger.TransactionLoggerInFile log
INFOS: Confirmation buy for : roxou_234@hotmail.com

Amount of tickets : 3	Source : QC	Destination : Cuba	Date : 2017-10-01	Company : AirCanada	Luggage Weight : 66.0	Price : 39.989999999999995$

Total price : 119,97$



nov. 20, 2016 9:10:07 PM ca.ulaval.glo4003.quickflyws.infrastructure.paymentSystem.transactionLogger.TransactionLoggerInFile log
INFOS: Confirmation buy for : roxou_234@hotmail.com

Amount of tickets : 1	Source : QC	Destination : Japon	Date : 2017-01-01	Company : AirJapan	Luggage Weight : 66.0	Price : 407.49$

Total price : 407,49$



nov. 24, 2016 2:55:33 AM ca.ulaval.glo4003.quickflyws.infrastructure.paymentSystem.transactionLogger.TransactionLoggerInFile log
INFOS: Confirmation buy for : roxou_234@hotmail.com

Amount of tickets : 16	Source : QC	Destination : Iles	Date : 2017-09-20	Company : Pascan	Luggage Weight : 21.0	Price : 19.99$

Total price : 319,84$



nov. 24, 2016 2:57:57 AM ca.ulaval.glo4003.quickflyws.infrastructure.paymentSystem.transactionLogger.TransactionLoggerInFile log
INFOS: Confirmation buy for : roxou_234@hotmail.com

Amount of tickets : 1	Source : QC	Destination : Cuba	Date : 2017-10-01	Company : AirCanada	Luggage Weight : 21.0	Price : 29.99$

Total price : 29,99$



nov. 26, 2016 5:31:45 PM ca.ulaval.glo4003.quickflyws.infrastructure.paymentSystem.transactionLogger.TransactionLoggerInFile log
INFOS: Confirmation buy for : roxou_234@hotmail.com

Amount of tickets : 1	Source : QC	Destination : Iles	Date : 2017-09-25T09:00	Company : AirCanada	Luggage Weight : 0.0	Price : 39.99$

Total price : 39,99$



nov. 26, 2016 5:36:25 PM ca.ulaval.glo4003.quickflyws.infrastructure.paymentSystem.transactionLogger.TransactionLoggerInFile log
INFOS: Confirmation buy for : roxou_234@hotmail.com

Amount of tickets : 1	Source : QC	Destination : Iles	Date : 2017-09-25	DepartureTime : 09:00	Company : AirCanada	Luggage Weight : 0.0	Price : 39.99$

Total price : 39,99$



nov. 27, 2016 5:35:14 PM ca.ulaval.glo4003.quickflyws.infrastructure.paymentSystem.transactionLogger.TransactionLoggerInFile log
INFOS: Confirmation buy for : roxou_234@hotmail.com

Amount of tickets : 2	Source : QC	Destination : Iles	Date : 2017-09-25	Company : AirLousse	Luggage Weight : 0.0	Price : 20.0$

Amount of tickets : 6	Source : QC	Destination : Iles	Date : 2017-09-20	Company : AirLine	Luggage Weight : 0.0	Price : 40.0$

Total price : 280$



nov. 27, 2016 6:03:44 PM ca.ulaval.glo4003.quickflyws.infrastructure.paymentSystem.transactionLogger.TransactionLoggerInFile log
INFOS: Confirmation buy for : roxou_234@hotmail.com

Amount of tickets : 1	Source : QC	Destination : Iles	Date : 2017-09-20	Company : AirLine	Luggage Weight : 0.0	Price : 40.0$

Amount of tickets : 5	Source : Japon	Destination : QC	Date : 2017-12-01	Company : AirMasse	Luggage Weight : 0.0	Price : 40.0$

Amount of tickets : 5	Source : Japon	Destination : QC	Date : 2017-12-03	Company : AirGras	Luggage Weight : 0.0	Price : 40.0$

Amount of tickets : 5	Source : Japon	Destination : QC	Date : 2016-12-27	Company : AirGras	Luggage Weight : 0.0	Price : 40.0$

Amount of tickets : 5	Source : Iles	Destination : QC	Date : 2018-01-15	Company : AirLousse	Luggage Weight : 0.0	Price : 40.0$

Amount of tickets : 5	Source : Iles	Destination : QC	Date : 2017-01-15	Company : AirLine	Luggage Weight : 0.0	Price : 40.0$

Total price : 1040$



nov. 29, 2016 1:19:45 AM ca.ulaval.glo4003.quickflyws.infrastructure.paymentSystem.transactionLogger.TransactionLoggerInFile log
INFOS: Confirmation buy for : roxou_234@hotmail.com

Amount of tickets : 3	Source : QC	Destination : Iles	Date : 2017-09-25	Company : AirLousse	Seat category : REGULAR	Luggage Weight : 0.0	Price : 40.0$

Total price : 120$



nov. 30, 2016 12:48:27 AM ca.ulaval.glo4003.quickflyws.infrastructure.paymentSystem.transactionLogger.TransactionLoggerInFile log
INFOS: Confirmation buy for : roxou_234@hotmail.com

Amount of tickets : 2	Source : QC	Destination : Iles	Date : 2017-09-25	DepartureTime : 09:00	Company : AirLousse	Seat category : BUSINESS	Luggage Weight : 0.0	Price : 0.0$

Amount of tickets : 2	Source : QC	Destination : Iles	Date : 2017-09-25	DepartureTime : 09:00	Company : AirLousse	Seat category : ECONOMIC	Luggage Weight : 0.0	Price : 0.0$

Total price : 0$



nov. 30, 2016 12:56:21 AM ca.ulaval.glo4003.quickflyws.infrastructure.paymentSystem.transactionLogger.TransactionLoggerInFile log
INFOS: Confirmation buy for : roxou_234@hotmail.com

Amount of tickets : 2	Source : QC	Destination : Iles	Date : 2017-09-25	DepartureTime : 09:00	Company : AirLousse	Seat category : ECONOMIC	Luggage Weight : 0.0	Price : 20.0$

Amount of tickets : 2	Source : QC	Destination : Iles	Date : 2017-01-01	DepartureTime : 15:00	Company : AirLousse	Seat category : REGULAR	Luggage Weight : 0.0	Price : 40.0$

Amount of tickets : 3	Source : QC	Destination : Iles	Date : 2017-09-20	DepartureTime : 07:00	Company : AirLine	Seat category : REGULAR	Luggage Weight : 0.0	Price : 40.0$

Amount of tickets : 1	Source : QC	Destination : Iles	Date : 2017-09-25	DepartureTime : 09:00	Company : AirLousse	Seat category : REGULAR	Luggage Weight : 0.0	Price : 40.0$

Total price : 280$



nov. 30, 2016 5:28:45 PM ca.ulaval.glo4003.quickflyws.infrastructure.paymentSystem.transactionLogger.TransactionLoggerInFile log
INFOS: Confirmation buy for : roxou_234@hotmail.com

Amount of tickets : 5	Source : Japon	Destination : QC	Date : 2017-12-03	DepartureTime : 11:00	Company : AirGras	Seat category : REGULAR	Luggage Weight : 21.0	Price : 40.0$

Amount of tickets : 2	Source : Japon	Destination : QC	Date : 2017-12-03	DepartureTime : 11:00	Company : AirGras	Seat category : BUSINESS	Luggage Weight : 21.0	Price : 90.0$

Total price : 380$



déc. 07, 2016 3:07:11 PM ca.ulaval.glo4003.quickflyws.infrastructure.paymentSystem.transactionLogger.TransactionLoggerInFile log
INFOS: Confirmation buy for : roxou_234@hotmail.com

Amount of tickets : 1	Source : Iles	Destination : QC	Date : 2018-01-15	DepartureTime : 16:00	Company : AirLousse	Seat category : REGULAR	Luggage Weight : 0.0	Price : 40.0$

Amount of tickets : 5	Source : Iles	Destination : QC	Date : 2017-01-15	DepartureTime : 19:00	Company : AirLine	Seat category : REGULAR	Luggage Weight : 0.0	Price : 40.0$

Total price : 240$



déc. 07, 2016 3:07:13 PM ca.ulaval.glo4003.quickflyws.infrastructure.paymentSystem.transactionLogger.TransactionLoggerInFile log
INFOS: Confirmation buy for : roxou_234@hotmail.com

Amount of tickets : 1	Source : Iles	Destination : QC	Date : 2018-01-15	DepartureTime : 16:00	Company : AirLousse	Seat category : REGULAR	Luggage Weight : 0.0	Price : 40.0$

Amount of tickets : 5	Source : Iles	Destination : QC	Date : 2017-01-15	DepartureTime : 19:00	Company : AirLine	Seat category : REGULAR	Luggage Weight : 0.0	Price : 40.0$

Total price : 240$



